# JRE version: OpenJDK Runtime Environment (8.0_242-b01) (build 1.8.0_242-release-1644-b01)
# Java VM: OpenJDK 64-Bit Server VM (25.242-b01 mixed mode windows-amd64 compressed oops)
Heap:
 PSYoungGen      total 318976K, used 299581K [0x00000000d5580000, 0x00000000f0680000, 0x0000000100000000)
  eden space 294400K, 99% used [0x00000000d5580000,0x00000000e744a5d8,0x00000000e7500000)
  from space 24576K, 24% used [0x00000000e7500000,0x00000000e7ac51b8,0x00000000e8d00000)
  to   space 23552K, 0% used [0x00000000eef80000,0x00000000eef80000,0x00000000f0680000)
 ParOldGen       total 91648K, used 52588K [0x0000000080000000, 0x0000000085980000, 0x00000000d5580000)
  object space 91648K, 57% used [0x0000000080000000,0x000000008335b318,0x0000000085980000)
 Metaspace       used 72187K, capacity 75401K, committed 75668K, reserved 1114112K
  class space    used 9427K, capacity 10115K, committed 10172K, reserved 1048576K
GC Heap History (10 events):
Event: 38.747 GC heap before
{Heap before GC invocations=12 (full 2):
 PSYoungGen      total 141824K, used 130560K [0x00000000d5580000, 0x00000000e3980000, 0x0000000100000000)
  eden space 130560K, 100% used [0x00000000d5580000,0x00000000dd500000,0x00000000dd500000)
  from space 11264K, 0% used [0x00000000dd500000,0x00000000dd500000,0x00000000de000000)
  to   space 13312K, 0% used [0x00000000e2c80000,0x00000000e2c80000,0x00000000e3980000)
 ParOldGen       total 60416K, used 18550K [0x0000000080000000, 0x0000000083b00000, 0x00000000d5580000)
  object space 60416K, 30% used [0x0000000080000000,0x000000008121d818,0x0000000083b00000)
 Metaspace       used 45157K, capacity 46595K, committed 46680K, reserved 1089536K
  class space    used 6097K, capacity 6484K, committed 6528K, reserved 1048576K
Event: 38.773 GC heap after
Heap after GC invocations=12 (full 2):
 PSYoungGen      total 212992K, used 13280K [0x00000000d5580000, 0x00000000e3980000, 0x0000000100000000)
  eden space 199680K, 0% used [0x00000000d5580000,0x00000000d5580000,0x00000000e1880000)
  from space 13312K, 99% used [0x00000000e2c80000,0x00000000e39782e8,0x00000000e3980000)
  to   space 15872K, 0% used [0x00000000e1a80000,0x00000000e1a80000,0x00000000e2a00000)
 ParOldGen       total 60416K, used 21053K [0x0000000080000000, 0x0000000083b00000, 0x00000000d5580000)
  object space 60416K, 34% used [0x0000000080000000,0x000000008148f578,0x0000000083b00000)
 Metaspace       used 45157K, capacity 46595K, committed 46680K, reserved 1089536K
  class space    used 6097K, capacity 6484K, committed 6528K, reserved 1048576K
}
Event: 44.760 GC heap before
{Heap before GC invocations=13 (full 2):
 PSYoungGen      total 212992K, used 185763K [0x00000000d5580000, 0x00000000e3980000, 0x0000000100000000)
  eden space 199680K, 86% used [0x00000000d5580000,0x00000000dfdf0c88,0x00000000e1880000)
  from space 13312K, 99% used [0x00000000e2c80000,0x00000000e39782e8,0x00000000e3980000)
  to   space 15872K, 0% used [0x00000000e1a80000,0x00000000e1a80000,0x00000000e2a00000)
 ParOldGen       total 60416K, used 21053K [0x0000000080000000, 0x0000000083b00000, 0x00000000d5580000)
  object space 60416K, 34% used [0x0000000080000000,0x000000008148f578,0x0000000083b00000)
 Metaspace       used 57000K, capacity 58979K, committed 59028K, reserved 1099776K
  class space    used 7843K, capacity 8346K, committed 8380K, reserved 1048576K
Event: 44.869 GC heap after
Heap after GC invocations=13 (full 2):
 PSYoungGen      total 217600K, used 15848K [0x00000000d5580000, 0x00000000ea900000, 0x0000000100000000)
  eden space 201728K, 0% used [0x00000000d5580000,0x00000000d5580000,0x00000000e1a80000)
  from space 15872K, 99% used [0x00000000e1a80000,0x00000000e29fa080,0x00000000e2a00000)
  to   space 22528K, 0% used [0x00000000e9300000,0x00000000e9300000,0x00000000ea900000)
 ParOldGen       total 60416K, used 32835K [0x0000000080000000, 0x0000000083b00000, 0x00000000d5580000)
  object space 60416K, 54% used [0x0000000080000000,0x0000000082010ee8,0x0000000083b00000)
 Metaspace       used 57000K, capacity 58979K, committed 59028K, reserved 1099776K
  class space    used 7843K, capacity 8346K, committed 8380K, reserved 1048576K
}
Event: 44.869 GC heap before
{Heap before GC invocations=14 (full 3):
 PSYoungGen      total 217600K, used 15848K [0x00000000d5580000, 0x00000000ea900000, 0x0000000100000000)
  eden space 201728K, 0% used [0x00000000d5580000,0x00000000d5580000,0x00000000e1a80000)
  from space 15872K, 99% used [0x00000000e1a80000,0x00000000e29fa080,0x00000000e2a00000)
  to   space 22528K, 0% used [0x00000000e9300000,0x00000000e9300000,0x00000000ea900000)
 ParOldGen       total 60416K, used 32835K [0x0000000080000000, 0x0000000083b00000, 0x00000000d5580000)
  object space 60416K, 54% used [0x0000000080000000,0x0000000082010ee8,0x0000000083b00000)
 Metaspace       used 57000K, capacity 58979K, committed 59028K, reserved 1099776K
  class space    used 7843K, capacity 8346K, committed 8380K, reserved 1048576K
Event: 45.466 GC heap after
Heap after GC invocations=14 (full 3):
 PSYoungGen      total 217600K, used 0K [0x00000000d5580000, 0x00000000ea900000, 0x0000000100000000)
  eden space 201728K, 0% used [0x00000000d5580000,0x00000000d5580000,0x00000000e1a80000)
  from space 15872K, 0% used [0x00000000e1a80000,0x00000000e1a80000,0x00000000e2a00000)
  to   space 22528K, 0% used [0x00000000e9300000,0x00000000e9300000,0x00000000ea900000)
 ParOldGen       total 91648K, used 39733K [0x0000000080000000, 0x0000000085980000, 0x00000000d5580000)
  object space 91648K, 43% used [0x0000000080000000,0x00000000826cd478,0x0000000085980000)
 Metaspace       used 57000K, capacity 58979K, committed 59028K, reserved 1099776K
  class space    used 7843K, capacity 8346K, committed 8380K, reserved 1048576K
}
Event: 54.489 GC heap before
{Heap before GC invocations=15 (full 3):
 PSYoungGen      total 217600K, used 201728K [0x00000000d5580000, 0x00000000ea900000, 0x0000000100000000)
  eden space 201728K, 100% used [0x00000000d5580000,0x00000000e1a80000,0x00000000e1a80000)
  from space 15872K, 0% used [0x00000000e1a80000,0x00000000e1a80000,0x00000000e2a00000)
  to   space 22528K, 0% used [0x00000000e9300000,0x00000000e9300000,0x00000000ea900000)
 ParOldGen       total 91648K, used 39733K [0x0000000080000000, 0x0000000085980000, 0x00000000d5580000)
  object space 91648K, 43% used [0x0000000080000000,0x00000000826cd478,0x0000000085980000)
 Metaspace       used 63549K, capacity 66393K, committed 66452K, reserved 1105920K
  class space    used 8751K, capacity 9367K, committed 9404K, reserved 1048576K
Event: 54.617 GC heap after
Heap after GC invocations=15 (full 3):
 PSYoungGen      total 304640K, used 18161K [0x00000000d5580000, 0x00000000ea500000, 0x0000000100000000)
  eden space 286208K, 0% used [0x00000000d5580000,0x00000000d5580000,0x00000000e6d00000)
  from space 18432K, 98% used [0x00000000e9300000,0x00000000ea4bc6e0,0x00000000ea500000)
  to   space 24576K, 0% used [0x00000000e7500000,0x00000000e7500000,0x00000000e8d00000)
 ParOldGen       total 91648K, used 39741K [0x0000000080000000, 0x0000000085980000, 0x00000000d5580000)
  object space 91648K, 43% used [0x0000000080000000,0x00000000826cf478,0x0000000085980000)
 Metaspace       used 63549K, capacity 66393K, committed 66452K, reserved 1105920K
  class space    used 8751K, capacity 9367K, committed 9404K, reserved 1048576K
}
Event: 108.114 GC heap before
{Heap before GC invocations=16 (full 3):
 PSYoungGen      total 304640K, used 304369K [0x00000000d5580000, 0x00000000ea500000, 0x0000000100000000)
  eden space 286208K, 100% used [0x00000000d5580000,0x00000000e6d00000,0x00000000e6d00000)
  from space 18432K, 98% used [0x00000000e9300000,0x00000000ea4bc6e0,0x00000000ea500000)
  to   space 24576K, 0% used [0x00000000e7500000,0x00000000e7500000,0x00000000e8d00000)
 ParOldGen       total 91648K, used 39741K [0x0000000080000000, 0x0000000085980000, 0x00000000d5580000)
  object space 91648K, 43% used [0x0000000080000000,0x00000000826cf478,0x0000000085980000)
 Metaspace       used 71192K, capacity 74369K, committed 74644K, reserved 1114112K
  class space    used 9416K, capacity 10099K, committed 10172K, reserved 1048576K
Event: 108.435 GC heap after
Heap after GC invocations=16 (full 3):
 PSYoungGen      total 318976K, used 5908K [0x00000000d5580000, 0x00000000f0680000, 0x0000000100000000)
  eden space 294400K, 0% used [0x00000000d5580000,0x00000000d5580000,0x00000000e7500000)
  from space 24576K, 24% used [0x00000000e7500000,0x00000000e7ac51b8,0x00000000e8d00000)
  to   space 23552K, 0% used [0x00000000eef80000,0x00000000eef80000,0x00000000f0680000)
 ParOldGen       total 91648K, used 52588K [0x0000000080000000, 0x0000000085980000, 0x00000000d5580000)
  object space 91648K, 57% used [0x0000000080000000,0x000000008335b318,0x0000000085980000)
 Metaspace       used 71192K, capacity 74369K, committed 74644K, reserved 1114112K
  class space    used 9416K, capacity 10099K, committed 10172K, reserved 1048576K
}

