# JRE version: OpenJDK Runtime Environment (8.0_242-b01) (build 1.8.0_242-release-1644-b01)
# Java VM: OpenJDK 64-Bit Server VM (25.242-b01 mixed mode windows-amd64 compressed oops)
Heap:
 PSYoungGen      total 568832K, used 402321K [0x00000000d5580000, 0x00000000ffa00000, 0x0000000100000000)
  eden space 498688K, 78% used [0x00000000d5580000,0x00000000ed1f9ca0,0x00000000f3c80000)
  from space 70144K, 18% used [0x00000000f3c80000,0x00000000f48eab08,0x00000000f8100000)
  to   space 68096K, 0% used [0x00000000fb780000,0x00000000fb780000,0x00000000ffa00000)
 ParOldGen       total 242688K, used 92344K [0x0000000080000000, 0x000000008ed00000, 0x00000000d5580000)
  object space 242688K, 38% used [0x0000000080000000,0x0000000085a2e118,0x000000008ed00000)
 Metaspace       used 119961K, capacity 127330K, committed 127400K, reserved 1161216K
  class space    used 15169K, capacity 16507K, committed 16560K, reserved 1048576K
GC Heap History (10 events):
Event: 2877.250 GC heap before
{Heap before GC invocations=32 (full 5):
 PSYoungGen      total 466944K, used 403429K [0x00000000d5580000, 0x00000000f6c00000, 0x0000000100000000)
  eden space 389632K, 100% used [0x00000000d5580000,0x00000000ed200000,0x00000000ed200000)
  from space 77312K, 17% used [0x00000000f2080000,0x00000000f2df95f8,0x00000000f6c00000)
  to   space 78848K, 0% used [0x00000000ed200000,0x00000000ed200000,0x00000000f1f00000)
 ParOldGen       total 242688K, used 81463K [0x0000000080000000, 0x000000008ed00000, 0x00000000d5580000)
  object space 242688K, 33% used [0x0000000080000000,0x0000000084f8dda0,0x000000008ed00000)
 Metaspace       used 115543K, capacity 122420K, committed 122664K, reserved 1155072K
  class space    used 14744K, capacity 16008K, committed 16176K, reserved 1048576K
Event: 2877.435 GC heap after
Heap after GC invocations=32 (full 5):
 PSYoungGen      total 468480K, used 11746K [0x00000000d5580000, 0x00000000fa500000, 0x0000000100000000)
  eden space 389632K, 0% used [0x00000000d5580000,0x00000000d5580000,0x00000000ed200000)
  from space 78848K, 14% used [0x00000000ed200000,0x00000000edd78898,0x00000000f1f00000)
  to   space 76800K, 0% used [0x00000000f5a00000,0x00000000f5a00000,0x00000000fa500000)
 ParOldGen       total 242688K, used 81471K [0x0000000080000000, 0x000000008ed00000, 0x00000000d5580000)
  object space 242688K, 33% used [0x0000000080000000,0x0000000084f8fda0,0x000000008ed00000)
 Metaspace       used 115543K, capacity 122420K, committed 122664K, reserved 1155072K
  class space    used 14744K, capacity 16008K, committed 16176K, reserved 1048576K
}
Event: 9858.557 GC heap before
{Heap before GC invocations=33 (full 5):
 PSYoungGen      total 468480K, used 401378K [0x00000000d5580000, 0x00000000fa500000, 0x0000000100000000)
  eden space 389632K, 100% used [0x00000000d5580000,0x00000000ed200000,0x00000000ed200000)
  from space 78848K, 14% used [0x00000000ed200000,0x00000000edd78898,0x00000000f1f00000)
  to   space 76800K, 0% used [0x00000000f5a00000,0x00000000f5a00000,0x00000000fa500000)
 ParOldGen       total 242688K, used 81471K [0x0000000080000000, 0x000000008ed00000, 0x00000000d5580000)
  object space 242688K, 33% used [0x0000000080000000,0x0000000084f8fda0,0x000000008ed00000)
 Metaspace       used 118661K, capacity 125890K, committed 125992K, reserved 1159168K
  class space    used 15073K, capacity 16409K, committed 16432K, reserved 1048576K
Event: 9859.168 GC heap after
Heap after GC invocations=33 (full 5):
 PSYoungGen      total 508416K, used 11319K [0x00000000d5580000, 0x00000000f9900000, 0x0000000100000000)
  eden space 443904K, 0% used [0x00000000d5580000,0x00000000d5580000,0x00000000f0700000)
  from space 64512K, 17% used [0x00000000f5a00000,0x00000000f650df58,0x00000000f9900000)
  to   space 74752K, 0% used [0x00000000f0700000,0x00000000f0700000,0x00000000f5000000)
 ParOldGen       total 242688K, used 83036K [0x0000000080000000, 0x000000008ed00000, 0x00000000d5580000)
  object space 242688K, 34% used [0x0000000080000000,0x00000000851171c8,0x000000008ed00000)
 Metaspace       used 118661K, capacity 125890K, committed 125992K, reserved 1159168K
  class space    used 15073K, capacity 16409K, committed 16432K, reserved 1048576K
}
Event: 12307.670 GC heap before
{Heap before GC invocations=34 (full 5):
 PSYoungGen      total 508416K, used 455223K [0x00000000d5580000, 0x00000000f9900000, 0x0000000100000000)
  eden space 443904K, 100% used [0x00000000d5580000,0x00000000f0700000,0x00000000f0700000)
  from space 64512K, 17% used [0x00000000f5a00000,0x00000000f650df58,0x00000000f9900000)
  to   space 74752K, 0% used [0x00000000f0700000,0x00000000f0700000,0x00000000f5000000)
 ParOldGen       total 242688K, used 83036K [0x0000000080000000, 0x000000008ed00000, 0x00000000d5580000)
  object space 242688K, 34% used [0x0000000080000000,0x00000000851171c8,0x000000008ed00000)
 Metaspace       used 118912K, capacity 126158K, committed 126248K, reserved 1159168K
  class space    used 15082K, capacity 16421K, committed 16432K, reserved 1048576K
Event: 12307.810 GC heap after
Heap after GC invocations=34 (full 5):
 PSYoungGen      total 518656K, used 14717K [0x00000000d5580000, 0x00000000fc780000, 0x0000000100000000)
  eden space 443904K, 0% used [0x00000000d5580000,0x00000000d5580000,0x00000000f0700000)
  from space 74752K, 19% used [0x00000000f0700000,0x00000000f155f670,0x00000000f5000000)
  to   space 72192K, 0% used [0x00000000f8100000,0x00000000f8100000,0x00000000fc780000)
 ParOldGen       total 242688K, used 83036K [0x0000000080000000, 0x000000008ed00000, 0x00000000d5580000)
  object space 242688K, 34% used [0x0000000080000000,0x00000000851171c8,0x000000008ed00000)
 Metaspace       used 118912K, capacity 126158K, committed 126248K, reserved 1159168K
  class space    used 15082K, capacity 16421K, committed 16432K, reserved 1048576K
}
Event: 12312.865 GC heap before
{Heap before GC invocations=35 (full 5):
 PSYoungGen      total 518656K, used 458621K [0x00000000d5580000, 0x00000000fc780000, 0x0000000100000000)
  eden space 443904K, 100% used [0x00000000d5580000,0x00000000f0700000,0x00000000f0700000)
  from space 74752K, 19% used [0x00000000f0700000,0x00000000f155f670,0x00000000f5000000)
  to   space 72192K, 0% used [0x00000000f8100000,0x00000000f8100000,0x00000000fc780000)
 ParOldGen       total 242688K, used 83036K [0x0000000080000000, 0x000000008ed00000, 0x00000000d5580000)
  object space 242688K, 34% used [0x0000000080000000,0x00000000851171c8,0x000000008ed00000)
 Metaspace       used 119782K, capacity 127160K, committed 127400K, reserved 1161216K
  class space    used 15169K, capacity 16506K, committed 16560K, reserved 1048576K
Event: 12313.157 GC heap after
Heap after GC invocations=35 (full 5):
 PSYoungGen      total 570880K, used 32367K [0x00000000d5580000, 0x00000000fd880000, 0x0000000100000000)
  eden space 498688K, 0% used [0x00000000d5580000,0x00000000d5580000,0x00000000f3c80000)
  from space 72192K, 44% used [0x00000000f8100000,0x00000000fa09be80,0x00000000fc780000)
  to   space 70144K, 0% used [0x00000000f3c80000,0x00000000f3c80000,0x00000000f8100000)
 ParOldGen       total 242688K, used 83036K [0x0000000080000000, 0x000000008ed00000, 0x00000000d5580000)
  object space 242688K, 34% used [0x0000000080000000,0x00000000851171c8,0x000000008ed00000)
 Metaspace       used 119782K, capacity 127160K, committed 127400K, reserved 1161216K
  class space    used 15169K, capacity 16506K, committed 16560K, reserved 1048576K
}
Event: 12317.694 GC heap before
{Heap before GC invocations=36 (full 5):
 PSYoungGen      total 570880K, used 531055K [0x00000000d5580000, 0x00000000fd880000, 0x0000000100000000)
  eden space 498688K, 100% used [0x00000000d5580000,0x00000000f3c80000,0x00000000f3c80000)
  from space 72192K, 44% used [0x00000000f8100000,0x00000000fa09be80,0x00000000fc780000)
  to   space 70144K, 0% used [0x00000000f3c80000,0x00000000f3c80000,0x00000000f8100000)
 ParOldGen       total 242688K, used 83036K [0x0000000080000000, 0x000000008ed00000, 0x00000000d5580000)
  object space 242688K, 34% used [0x0000000080000000,0x00000000851171c8,0x000000008ed00000)
 Metaspace       used 119865K, capacity 127194K, committed 127400K, reserved 1161216K
  class space    used 15169K, capacity 16507K, committed 16560K, reserved 1048576K
Event: 12317.779 GC heap after
Heap after GC invocations=36 (full 5):
 PSYoungGen      total 568832K, used 12714K [0x00000000d5580000, 0x00000000ffa00000, 0x0000000100000000)
  eden space 498688K, 0% used [0x00000000d5580000,0x00000000d5580000,0x00000000f3c80000)
  from space 70144K, 18% used [0x00000000f3c80000,0x00000000f48eab08,0x00000000f8100000)
  to   space 68096K, 0% used [0x00000000fb780000,0x00000000fb780000,0x00000000ffa00000)
 ParOldGen       total 242688K, used 92344K [0x0000000080000000, 0x000000008ed00000, 0x00000000d5580000)
  object space 242688K, 38% used [0x0000000080000000,0x0000000085a2e118,0x000000008ed00000)
 Metaspace       used 119865K, capacity 127194K, committed 127400K, reserved 1161216K
  class space    used 15169K, capacity 16507K, committed 16560K, reserved 1048576K
}

