# JRE version: OpenJDK Runtime Environment (8.0_242-b01) (build 1.8.0_242-release-1644-b01)
# Java VM: OpenJDK 64-Bit Server VM (25.242-b01 mixed mode windows-amd64 compressed oops)
Heap:
 PSYoungGen      total 271872K, used 205843K [0x00000000d5580000, 0x00000000e7900000, 0x0000000100000000)
  eden space 255488K, 75% used [0x00000000d5580000,0x00000000e10f6a00,0x00000000e4f00000)
  from space 16384K, 84% used [0x00000000e6900000,0x00000000e768e580,0x00000000e7900000)
  to   space 21504K, 0% used [0x00000000e4f00000,0x00000000e4f00000,0x00000000e6400000)
 ParOldGen       total 101376K, used 52878K [0x0000000080000000, 0x0000000086300000, 0x00000000d5580000)
  object space 101376K, 52% used [0x0000000080000000,0x00000000833a3ab8,0x0000000086300000)
 Metaspace       used 80143K, capacity 83918K, committed 84144K, reserved 1122304K
  class space    used 10833K, capacity 11631K, committed 11696K, reserved 1048576K
GC Heap History (10 events):
Event: 20.543 GC heap before
{Heap before GC invocations=15 (full 2):
 PSYoungGen      total 132608K, used 131752K [0x00000000d5580000, 0x00000000de500000, 0x0000000100000000)
  eden space 122368K, 100% used [0x00000000d5580000,0x00000000dcd00000,0x00000000dcd00000)
  from space 10240K, 91% used [0x00000000ddb00000,0x00000000de42a1d8,0x00000000de500000)
  to   space 12288K, 0% used [0x00000000dcd00000,0x00000000dcd00000,0x00000000dd900000)
 ParOldGen       total 66048K, used 13280K [0x0000000080000000, 0x0000000084080000, 0x00000000d5580000)
  object space 66048K, 20% used [0x0000000080000000,0x0000000080cf8050,0x0000000084080000)
 Metaspace       used 49851K, capacity 51542K, committed 51760K, reserved 1093632K
  class space    used 6671K, capacity 7120K, committed 7216K, reserved 1048576K
Event: 20.598 GC heap after
Heap after GC invocations=15 (full 2):
 PSYoungGen      total 134656K, used 12269K [0x00000000d5580000, 0x00000000e2d80000, 0x0000000100000000)
  eden space 122368K, 0% used [0x00000000d5580000,0x00000000d5580000,0x00000000dcd00000)
  from space 12288K, 99% used [0x00000000dcd00000,0x00000000dd8fb708,0x00000000dd900000)
  to   space 16896K, 0% used [0x00000000e1d00000,0x00000000e1d00000,0x00000000e2d80000)
 ParOldGen       total 66048K, used 20627K [0x0000000080000000, 0x0000000084080000, 0x00000000d5580000)
  object space 66048K, 31% used [0x0000000080000000,0x0000000081424c48,0x0000000084080000)
 Metaspace       used 49851K, capacity 51542K, committed 51760K, reserved 1093632K
  class space    used 6671K, capacity 7120K, committed 7216K, reserved 1048576K
}
Event: 24.590 GC heap before
{Heap before GC invocations=16 (full 2):
 PSYoungGen      total 134656K, used 112277K [0x00000000d5580000, 0x00000000e2d80000, 0x0000000100000000)
  eden space 122368K, 81% used [0x00000000d5580000,0x00000000db729d00,0x00000000dcd00000)
  from space 12288K, 99% used [0x00000000dcd00000,0x00000000dd8fb708,0x00000000dd900000)
  to   space 16896K, 0% used [0x00000000e1d00000,0x00000000e1d00000,0x00000000e2d80000)
 ParOldGen       total 66048K, used 20627K [0x0000000080000000, 0x0000000084080000, 0x00000000d5580000)
  object space 66048K, 31% used [0x0000000080000000,0x0000000081424c48,0x0000000084080000)
 Metaspace       used 56973K, capacity 59038K, committed 59160K, reserved 1099776K
  class space    used 7842K, capacity 8349K, committed 8368K, reserved 1048576K
Event: 24.644 GC heap after
Heap after GC invocations=16 (full 2):
 PSYoungGen      total 201216K, used 11235K [0x00000000d5580000, 0x00000000e2c80000, 0x0000000100000000)
  eden space 185344K, 0% used [0x00000000d5580000,0x00000000d5580000,0x00000000e0a80000)
  from space 15872K, 70% used [0x00000000e1d00000,0x00000000e27f8c60,0x00000000e2c80000)
  to   space 17408K, 0% used [0x00000000e0a80000,0x00000000e0a80000,0x00000000e1b80000)
 ParOldGen       total 66048K, used 28826K [0x0000000080000000, 0x0000000084080000, 0x00000000d5580000)
  object space 66048K, 43% used [0x0000000080000000,0x0000000081c26908,0x0000000084080000)
 Metaspace       used 56973K, capacity 59038K, committed 59160K, reserved 1099776K
  class space    used 7842K, capacity 8349K, committed 8368K, reserved 1048576K
}
Event: 24.644 GC heap before
{Heap before GC invocations=17 (full 3):
 PSYoungGen      total 201216K, used 11235K [0x00000000d5580000, 0x00000000e2c80000, 0x0000000100000000)
  eden space 185344K, 0% used [0x00000000d5580000,0x00000000d5580000,0x00000000e0a80000)
  from space 15872K, 70% used [0x00000000e1d00000,0x00000000e27f8c60,0x00000000e2c80000)
  to   space 17408K, 0% used [0x00000000e0a80000,0x00000000e0a80000,0x00000000e1b80000)
 ParOldGen       total 66048K, used 28826K [0x0000000080000000, 0x0000000084080000, 0x00000000d5580000)
  object space 66048K, 43% used [0x0000000080000000,0x0000000081c26908,0x0000000084080000)
 Metaspace       used 56973K, capacity 59038K, committed 59160K, reserved 1099776K
  class space    used 7842K, capacity 8349K, committed 8368K, reserved 1048576K
Event: 25.257 GC heap after
Heap after GC invocations=17 (full 3):
 PSYoungGen      total 201216K, used 0K [0x00000000d5580000, 0x00000000e2c80000, 0x0000000100000000)
  eden space 185344K, 0% used [0x00000000d5580000,0x00000000d5580000,0x00000000e0a80000)
  from space 15872K, 0% used [0x00000000e1d00000,0x00000000e1d00000,0x00000000e2c80000)
  to   space 17408K, 0% used [0x00000000e0a80000,0x00000000e0a80000,0x00000000e1b80000)
 ParOldGen       total 101376K, used 36447K [0x0000000080000000, 0x0000000086300000, 0x00000000d5580000)
  object space 101376K, 35% used [0x0000000080000000,0x0000000082397f28,0x0000000086300000)
 Metaspace       used 56966K, capacity 59014K, committed 59160K, reserved 1099776K
  class space    used 7840K, capacity 8345K, committed 8368K, reserved 1048576K
}
Event: 32.329 GC heap before
{Heap before GC invocations=18 (full 3):
 PSYoungGen      total 201216K, used 185344K [0x00000000d5580000, 0x00000000e2c80000, 0x0000000100000000)
  eden space 185344K, 100% used [0x00000000d5580000,0x00000000e0a80000,0x00000000e0a80000)
  from space 15872K, 0% used [0x00000000e1d00000,0x00000000e1d00000,0x00000000e2c80000)
  to   space 17408K, 0% used [0x00000000e0a80000,0x00000000e0a80000,0x00000000e1b80000)
 ParOldGen       total 101376K, used 36447K [0x0000000080000000, 0x0000000086300000, 0x00000000d5580000)
  object space 101376K, 35% used [0x0000000080000000,0x0000000082397f28,0x0000000086300000)
 Metaspace       used 65528K, capacity 68280K, committed 68528K, reserved 1107968K
  class space    used 8984K, capacity 9606K, committed 9648K, reserved 1048576K
Event: 32.404 GC heap after
Heap after GC invocations=18 (full 3):
 PSYoungGen      total 202752K, used 17379K [0x00000000d5580000, 0x00000000e7d00000, 0x0000000100000000)
  eden space 185344K, 0% used [0x00000000d5580000,0x00000000d5580000,0x00000000e0a80000)
  from space 17408K, 99% used [0x00000000e0a80000,0x00000000e1b78ea8,0x00000000e1b80000)
  to   space 20480K, 0% used [0x00000000e6900000,0x00000000e6900000,0x00000000e7d00000)
 ParOldGen       total 101376K, used 38484K [0x0000000080000000, 0x0000000086300000, 0x00000000d5580000)
  object space 101376K, 37% used [0x0000000080000000,0x0000000082595368,0x0000000086300000)
 Metaspace       used 65528K, capacity 68280K, committed 68528K, reserved 1107968K
  class space    used 8984K, capacity 9606K, committed 9648K, reserved 1048576K
}
Event: 41.438 GC heap before
{Heap before GC invocations=19 (full 3):
 PSYoungGen      total 202752K, used 202723K [0x00000000d5580000, 0x00000000e7d00000, 0x0000000100000000)
  eden space 185344K, 100% used [0x00000000d5580000,0x00000000e0a80000,0x00000000e0a80000)
  from space 17408K, 99% used [0x00000000e0a80000,0x00000000e1b78ea8,0x00000000e1b80000)
  to   space 20480K, 0% used [0x00000000e6900000,0x00000000e6900000,0x00000000e7d00000)
 ParOldGen       total 101376K, used 38484K [0x0000000080000000, 0x0000000086300000, 0x00000000d5580000)
  object space 101376K, 37% used [0x0000000080000000,0x0000000082595368,0x0000000086300000)
 Metaspace       used 71499K, capacity 74422K, committed 74672K, reserved 1114112K
  class space    used 9680K, capacity 10361K, committed 10416K, reserved 1048576K
Event: 41.501 GC heap after
Heap after GC invocations=19 (full 3):
 PSYoungGen      total 271872K, used 13881K [0x00000000d5580000, 0x00000000e7900000, 0x0000000100000000)
  eden space 255488K, 0% used [0x00000000d5580000,0x00000000d5580000,0x00000000e4f00000)
  from space 16384K, 84% used [0x00000000e6900000,0x00000000e768e580,0x00000000e7900000)
  to   space 21504K, 0% used [0x00000000e4f00000,0x00000000e4f00000,0x00000000e6400000)
 ParOldGen       total 101376K, used 52878K [0x0000000080000000, 0x0000000086300000, 0x00000000d5580000)
  object space 101376K, 52% used [0x0000000080000000,0x00000000833a3ab8,0x0000000086300000)
 Metaspace       used 71499K, capacity 74422K, committed 74672K, reserved 1114112K
  class space    used 9680K, capacity 10361K, committed 10416K, reserved 1048576K
}

