# JRE version: OpenJDK Runtime Environment (8.0_242-b01) (build 1.8.0_242-release-1644-b01)
# Java VM: OpenJDK 64-Bit Server VM (25.242-b01 mixed mode windows-amd64 compressed oops)
Heap:
 PSYoungGen      total 120832K, used 11837K [0x00000000d5580000, 0x00000000dfc00000, 0x0000000100000000)
  eden space 109568K, 2% used [0x00000000d5580000,0x00000000d57a8808,0x00000000dc080000)
  from space 11264K, 85% used [0x00000000dcd00000,0x00000000dd666ef8,0x00000000dd800000)
  to   space 12800K, 0% used [0x00000000dc080000,0x00000000dc080000,0x00000000dcd00000)
 ParOldGen       total 84480K, used 16896K [0x0000000080000000, 0x0000000085280000, 0x00000000d5580000)
  object space 84480K, 20% used [0x0000000080000000,0x00000000810803f0,0x0000000085280000)
 Metaspace       used 41027K, capacity 42630K, committed 42664K, reserved 1085440K
  class space    used 5627K, capacity 6040K, committed 6056K, reserved 1048576K
GC Heap History (10 events):
Event: 10.728 GC heap before
{Heap before GC invocations=8 (full 1):
 PSYoungGen      total 75776K, used 65536K [0x00000000d5580000, 0x00000000dac80000, 0x0000000100000000)
  eden space 65536K, 100% used [0x00000000d5580000,0x00000000d9580000,0x00000000d9580000)
  from space 10240K, 0% used [0x00000000da080000,0x00000000da080000,0x00000000daa80000)
  to   space 11264K, 0% used [0x00000000d9580000,0x00000000d9580000,0x00000000da080000)
 ParOldGen       total 57856K, used 9363K [0x0000000080000000, 0x0000000083880000, 0x00000000d5580000)
  object space 57856K, 16% used [0x0000000080000000,0x0000000080924ff0,0x0000000083880000)
 Metaspace       used 28031K, capacity 28800K, committed 28976K, reserved 1075200K
  class space    used 3864K, capacity 4103K, committed 4144K, reserved 1048576K
Event: 10.755 GC heap after
Heap after GC invocations=8 (full 1):
 PSYoungGen      total 76800K, used 7874K [0x00000000d5580000, 0x00000000dd800000, 0x0000000100000000)
  eden space 65536K, 0% used [0x00000000d5580000,0x00000000d5580000,0x00000000d9580000)
  from space 11264K, 69% used [0x00000000d9580000,0x00000000d9d30aa0,0x00000000da080000)
  to   space 11264K, 0% used [0x00000000dcd00000,0x00000000dcd00000,0x00000000dd800000)
 ParOldGen       total 57856K, used 9363K [0x0000000080000000, 0x0000000083880000, 0x00000000d5580000)
  object space 57856K, 16% used [0x0000000080000000,0x0000000080924ff0,0x0000000083880000)
 Metaspace       used 28031K, capacity 28800K, committed 28976K, reserved 1075200K
  class space    used 3864K, capacity 4103K, committed 4144K, reserved 1048576K
}
Event: 12.268 GC heap before
{Heap before GC invocations=9 (full 1):
 PSYoungGen      total 76800K, used 73410K [0x00000000d5580000, 0x00000000dd800000, 0x0000000100000000)
  eden space 65536K, 100% used [0x00000000d5580000,0x00000000d9580000,0x00000000d9580000)
  from space 11264K, 69% used [0x00000000d9580000,0x00000000d9d30aa0,0x00000000da080000)
  to   space 11264K, 0% used [0x00000000dcd00000,0x00000000dcd00000,0x00000000dd800000)
 ParOldGen       total 57856K, used 9363K [0x0000000080000000, 0x0000000083880000, 0x00000000d5580000)
  object space 57856K, 16% used [0x0000000080000000,0x0000000080924ff0,0x0000000083880000)
 Metaspace       used 32267K, capacity 33246K, committed 33456K, reserved 1077248K
  class space    used 4370K, capacity 4664K, committed 4784K, reserved 1048576K
Event: 12.299 GC heap after
Heap after GC invocations=9 (full 1):
 PSYoungGen      total 121856K, used 8481K [0x00000000d5580000, 0x00000000dda00000, 0x0000000100000000)
  eden space 110592K, 0% used [0x00000000d5580000,0x00000000d5580000,0x00000000dc180000)
  from space 11264K, 75% used [0x00000000dcd00000,0x00000000dd548648,0x00000000dd800000)
  to   space 11776K, 0% used [0x00000000dc180000,0x00000000dc180000,0x00000000dcd00000)
 ParOldGen       total 57856K, used 9371K [0x0000000080000000, 0x0000000083880000, 0x00000000d5580000)
  object space 57856K, 16% used [0x0000000080000000,0x0000000080926ff0,0x0000000083880000)
 Metaspace       used 32267K, capacity 33246K, committed 33456K, reserved 1077248K
  class space    used 4370K, capacity 4664K, committed 4784K, reserved 1048576K
}
Event: 13.422 GC heap before
{Heap before GC invocations=10 (full 1):
 PSYoungGen      total 121856K, used 47774K [0x00000000d5580000, 0x00000000dda00000, 0x0000000100000000)
  eden space 110592K, 35% used [0x00000000d5580000,0x00000000d7bdf538,0x00000000dc180000)
  from space 11264K, 75% used [0x00000000dcd00000,0x00000000dd548648,0x00000000dd800000)
  to   space 11776K, 0% used [0x00000000dc180000,0x00000000dc180000,0x00000000dcd00000)
 ParOldGen       total 57856K, used 9371K [0x0000000080000000, 0x0000000083880000, 0x00000000d5580000)
  object space 57856K, 16% used [0x0000000080000000,0x0000000080926ff0,0x0000000083880000)
 Metaspace       used 34353K, capacity 35382K, committed 35496K, reserved 1079296K
  class space    used 4678K, capacity 4942K, committed 5032K, reserved 1048576K
Event: 13.446 GC heap after
Heap after GC invocations=10 (full 1):
 PSYoungGen      total 122368K, used 9658K [0x00000000d5580000, 0x00000000dda00000, 0x0000000100000000)
  eden space 110592K, 0% used [0x00000000d5580000,0x00000000d5580000,0x00000000dc180000)
  from space 11776K, 82% used [0x00000000dc180000,0x00000000dcaee9d8,0x00000000dcd00000)
  to   space 11264K, 0% used [0x00000000dcd00000,0x00000000dcd00000,0x00000000dd800000)
 ParOldGen       total 57856K, used 9379K [0x0000000080000000, 0x0000000083880000, 0x00000000d5580000)
  object space 57856K, 16% used [0x0000000080000000,0x0000000080928ff0,0x0000000083880000)
 Metaspace       used 34353K, capacity 35382K, committed 35496K, reserved 1079296K
  class space    used 4678K, capacity 4942K, committed 5032K, reserved 1048576K
}
Event: 13.446 GC heap before
{Heap before GC invocations=11 (full 2):
 PSYoungGen      total 122368K, used 9658K [0x00000000d5580000, 0x00000000dda00000, 0x0000000100000000)
  eden space 110592K, 0% used [0x00000000d5580000,0x00000000d5580000,0x00000000dc180000)
  from space 11776K, 82% used [0x00000000dc180000,0x00000000dcaee9d8,0x00000000dcd00000)
  to   space 11264K, 0% used [0x00000000dcd00000,0x00000000dcd00000,0x00000000dd800000)
 ParOldGen       total 57856K, used 9379K [0x0000000080000000, 0x0000000083880000, 0x00000000d5580000)
  object space 57856K, 16% used [0x0000000080000000,0x0000000080928ff0,0x0000000083880000)
 Metaspace       used 34353K, capacity 35382K, committed 35496K, reserved 1079296K
  class space    used 4678K, capacity 4942K, committed 5032K, reserved 1048576K
Event: 13.540 GC heap after
Heap after GC invocations=11 (full 2):
 PSYoungGen      total 122368K, used 0K [0x00000000d5580000, 0x00000000dda00000, 0x0000000100000000)
  eden space 110592K, 0% used [0x00000000d5580000,0x00000000d5580000,0x00000000dc180000)
  from space 11776K, 0% used [0x00000000dc180000,0x00000000dc180000,0x00000000dcd00000)
  to   space 11264K, 0% used [0x00000000dcd00000,0x00000000dcd00000,0x00000000dd800000)
 ParOldGen       total 84480K, used 16888K [0x0000000080000000, 0x0000000085280000, 0x00000000d5580000)
  object space 84480K, 19% used [0x0000000080000000,0x000000008107e3f0,0x0000000085280000)
 Metaspace       used 34353K, capacity 35382K, committed 35496K, reserved 1079296K
  class space    used 4678K, capacity 4942K, committed 5032K, reserved 1048576K
}
Event: 16.134 GC heap before
{Heap before GC invocations=12 (full 2):
 PSYoungGen      total 122368K, used 110592K [0x00000000d5580000, 0x00000000dda00000, 0x0000000100000000)
  eden space 110592K, 100% used [0x00000000d5580000,0x00000000dc180000,0x00000000dc180000)
  from space 11776K, 0% used [0x00000000dc180000,0x00000000dc180000,0x00000000dcd00000)
  to   space 11264K, 0% used [0x00000000dcd00000,0x00000000dcd00000,0x00000000dd800000)
 ParOldGen       total 84480K, used 16888K [0x0000000080000000, 0x0000000085280000, 0x00000000d5580000)
  object space 84480K, 19% used [0x0000000080000000,0x000000008107e3f0,0x0000000085280000)
 Metaspace       used 40850K, capacity 42470K, committed 42664K, reserved 1085440K
  class space    used 5609K, capacity 6008K, committed 6056K, reserved 1048576K
Event: 16.152 GC heap after
Heap after GC invocations=12 (full 2):
 PSYoungGen      total 120832K, used 9627K [0x00000000d5580000, 0x00000000dfc00000, 0x0000000100000000)
  eden space 109568K, 0% used [0x00000000d5580000,0x00000000d5580000,0x00000000dc080000)
  from space 11264K, 85% used [0x00000000dcd00000,0x00000000dd666ef8,0x00000000dd800000)
  to   space 12800K, 0% used [0x00000000dc080000,0x00000000dc080000,0x00000000dcd00000)
 ParOldGen       total 84480K, used 16896K [0x0000000080000000, 0x0000000085280000, 0x00000000d5580000)
  object space 84480K, 20% used [0x0000000080000000,0x00000000810803f0,0x0000000085280000)
 Metaspace       used 40850K, capacity 42470K, committed 42664K, reserved 1085440K
  class space    used 5609K, capacity 6008K, committed 6056K, reserved 1048576K
}

