# JRE version: OpenJDK Runtime Environment (8.0_242-b01) (build 1.8.0_242-release-1644-b01)
# Java VM: OpenJDK 64-Bit Server VM (25.242-b01 mixed mode windows-amd64 compressed oops)
Heap:
 PSYoungGen      total 243712K, used 25790K [0x00000000d5580000, 0x00000000e6280000, 0x0000000100000000)
  eden space 215552K, 0% used [0x00000000d5580000,0x00000000d56fed28,0x00000000e2800000)
  from space 28160K, 86% used [0x00000000e2800000,0x00000000e3fb0ae0,0x00000000e4380000)
  to   space 24064K, 0% used [0x00000000e4380000,0x00000000e4380000,0x00000000e5b00000)
 ParOldGen       total 131584K, used 81319K [0x0000000080000000, 0x0000000088080000, 0x00000000d5580000)
  object space 131584K, 61% used [0x0000000080000000,0x0000000084f69e18,0x0000000088080000)
 Metaspace       used 103227K, capacity 107900K, committed 108184K, reserved 1142784K
  class space    used 13390K, capacity 14374K, committed 14488K, reserved 1048576K
GC Heap History (10 events):
Event: 46.280 GC heap after
Heap after GC invocations=22 (full 3):
 PSYoungGen      total 181248K, used 18938K [0x00000000d5580000, 0x00000000e3a80000, 0x0000000100000000)
  eden space 162304K, 0% used [0x00000000d5580000,0x00000000d5580000,0x00000000df400000)
  from space 18944K, 99% used [0x00000000df400000,0x00000000e067eb78,0x00000000e0680000)
  to   space 23040K, 0% used [0x00000000e2400000,0x00000000e2400000,0x00000000e3a80000)
 ParOldGen       total 131584K, used 46917K [0x0000000080000000, 0x0000000088080000, 0x00000000d5580000)
  object space 131584K, 35% used [0x0000000080000000,0x0000000082dd1698,0x0000000088080000)
 Metaspace       used 79434K, capacity 82942K, committed 83096K, reserved 1120256K
  class space    used 10533K, capacity 11327K, committed 11416K, reserved 1048576K
}
Event: 51.416 GC heap before
{Heap before GC invocations=23 (full 3):
 PSYoungGen      total 181248K, used 181242K [0x00000000d5580000, 0x00000000e3a80000, 0x0000000100000000)
  eden space 162304K, 100% used [0x00000000d5580000,0x00000000df400000,0x00000000df400000)
  from space 18944K, 99% used [0x00000000df400000,0x00000000e067eb78,0x00000000e0680000)
  to   space 23040K, 0% used [0x00000000e2400000,0x00000000e2400000,0x00000000e3a80000)
 ParOldGen       total 131584K, used 46917K [0x0000000080000000, 0x0000000088080000, 0x00000000d5580000)
  object space 131584K, 35% used [0x0000000080000000,0x0000000082dd1698,0x0000000088080000)
 Metaspace       used 83682K, capacity 87356K, committed 87576K, reserved 1124352K
  class space    used 10970K, capacity 11770K, committed 11800K, reserved 1048576K
Event: 51.737 GC heap after
Heap after GC invocations=23 (full 3):
 PSYoungGen      total 208896K, used 20043K [0x00000000d5580000, 0x00000000e4680000, 0x0000000100000000)
  eden space 185856K, 0% used [0x00000000d5580000,0x00000000d5580000,0x00000000e0b00000)
  from space 23040K, 86% used [0x00000000e2400000,0x00000000e3792db0,0x00000000e3a80000)
  to   space 25600K, 0% used [0x00000000e0b00000,0x00000000e0b00000,0x00000000e2400000)
 ParOldGen       total 131584K, used 65628K [0x0000000080000000, 0x0000000088080000, 0x00000000d5580000)
  object space 131584K, 49% used [0x0000000080000000,0x0000000084017110,0x0000000088080000)
 Metaspace       used 83682K, capacity 87356K, committed 87576K, reserved 1124352K
  class space    used 10970K, capacity 11770K, committed 11800K, reserved 1048576K
}
Event: 60.424 GC heap before
{Heap before GC invocations=24 (full 3):
 PSYoungGen      total 208896K, used 205899K [0x00000000d5580000, 0x00000000e4680000, 0x0000000100000000)
  eden space 185856K, 100% used [0x00000000d5580000,0x00000000e0b00000,0x00000000e0b00000)
  from space 23040K, 86% used [0x00000000e2400000,0x00000000e3792db0,0x00000000e3a80000)
  to   space 25600K, 0% used [0x00000000e0b00000,0x00000000e0b00000,0x00000000e2400000)
 ParOldGen       total 131584K, used 65628K [0x0000000080000000, 0x0000000088080000, 0x00000000d5580000)
  object space 131584K, 49% used [0x0000000080000000,0x0000000084017110,0x0000000088080000)
 Metaspace       used 87952K, capacity 91710K, committed 91928K, reserved 1128448K
  class space    used 11472K, capacity 12281K, committed 12312K, reserved 1048576K
Event: 60.449 GC heap after
Heap after GC invocations=24 (full 3):
 PSYoungGen      total 211456K, used 10352K [0x00000000d5580000, 0x00000000e5b00000, 0x0000000100000000)
  eden space 185856K, 0% used [0x00000000d5580000,0x00000000d5580000,0x00000000e0b00000)
  from space 25600K, 40% used [0x00000000e0b00000,0x00000000e151c328,0x00000000e2400000)
  to   space 24064K, 0% used [0x00000000e4380000,0x00000000e4380000,0x00000000e5b00000)
 ParOldGen       total 131584K, used 67052K [0x0000000080000000, 0x0000000088080000, 0x00000000d5580000)
  object space 131584K, 50% used [0x0000000080000000,0x000000008417b308,0x0000000088080000)
 Metaspace       used 87952K, capacity 91710K, committed 91928K, reserved 1128448K
  class space    used 11472K, capacity 12281K, committed 12312K, reserved 1048576K
}
Event: 63.717 GC heap before
{Heap before GC invocations=25 (full 3):
 PSYoungGen      total 211456K, used 155998K [0x00000000d5580000, 0x00000000e5b00000, 0x0000000100000000)
  eden space 185856K, 78% used [0x00000000d5580000,0x00000000de3bb7c8,0x00000000e0b00000)
  from space 25600K, 40% used [0x00000000e0b00000,0x00000000e151c328,0x00000000e2400000)
  to   space 24064K, 0% used [0x00000000e4380000,0x00000000e4380000,0x00000000e5b00000)
 ParOldGen       total 131584K, used 67052K [0x0000000080000000, 0x0000000088080000, 0x00000000d5580000)
  object space 131584K, 50% used [0x0000000080000000,0x000000008417b308,0x0000000088080000)
 Metaspace       used 94511K, capacity 98436K, committed 98600K, reserved 1134592K
  class space    used 12226K, capacity 13094K, committed 13208K, reserved 1048576K
Event: 63.782 GC heap after
Heap after GC invocations=25 (full 3):
 PSYoungGen      total 239616K, used 24063K [0x00000000d5580000, 0x00000000e6280000, 0x0000000100000000)
  eden space 215552K, 0% used [0x00000000d5580000,0x00000000d5580000,0x00000000e2800000)
  from space 24064K, 99% used [0x00000000e4380000,0x00000000e5affe48,0x00000000e5b00000)
  to   space 28160K, 0% used [0x00000000e2800000,0x00000000e2800000,0x00000000e4380000)
 ParOldGen       total 131584K, used 68727K [0x0000000080000000, 0x0000000088080000, 0x00000000d5580000)
  object space 131584K, 52% used [0x0000000080000000,0x000000008431ddd0,0x0000000088080000)
 Metaspace       used 94511K, capacity 98436K, committed 98600K, reserved 1134592K
  class space    used 12226K, capacity 13094K, committed 13208K, reserved 1048576K
}
Event: 63.782 GC heap before
{Heap before GC invocations=26 (full 4):
 PSYoungGen      total 239616K, used 24063K [0x00000000d5580000, 0x00000000e6280000, 0x0000000100000000)
  eden space 215552K, 0% used [0x00000000d5580000,0x00000000d5580000,0x00000000e2800000)
  from space 24064K, 99% used [0x00000000e4380000,0x00000000e5affe48,0x00000000e5b00000)
  to   space 28160K, 0% used [0x00000000e2800000,0x00000000e2800000,0x00000000e4380000)
 ParOldGen       total 131584K, used 68727K [0x0000000080000000, 0x0000000088080000, 0x00000000d5580000)
  object space 131584K, 52% used [0x0000000080000000,0x000000008431ddd0,0x0000000088080000)
 Metaspace       used 94511K, capacity 98436K, committed 98600K, reserved 1134592K
  class space    used 12226K, capacity 13094K, committed 13208K, reserved 1048576K
Event: 64.962 GC heap after
Heap after GC invocations=26 (full 4):
 PSYoungGen      total 239616K, used 0K [0x00000000d5580000, 0x00000000e6280000, 0x0000000100000000)
  eden space 215552K, 0% used [0x00000000d5580000,0x00000000d5580000,0x00000000e2800000)
  from space 24064K, 0% used [0x00000000e4380000,0x00000000e4380000,0x00000000e5b00000)
  to   space 28160K, 0% used [0x00000000e2800000,0x00000000e2800000,0x00000000e4380000)
 ParOldGen       total 131584K, used 81319K [0x0000000080000000, 0x0000000088080000, 0x00000000d5580000)
  object space 131584K, 61% used [0x0000000080000000,0x0000000084f69e18,0x0000000088080000)
 Metaspace       used 94471K, capacity 98318K, committed 98600K, reserved 1134592K
  class space    used 12214K, capacity 13073K, committed 13208K, reserved 1048576K
}
Event: 72.000 GC heap before
{Heap before GC invocations=27 (full 4):
 PSYoungGen      total 239616K, used 215552K [0x00000000d5580000, 0x00000000e6280000, 0x0000000100000000)
  eden space 215552K, 100% used [0x00000000d5580000,0x00000000e2800000,0x00000000e2800000)
  from space 24064K, 0% used [0x00000000e4380000,0x00000000e4380000,0x00000000e5b00000)
  to   space 28160K, 0% used [0x00000000e2800000,0x00000000e2800000,0x00000000e4380000)
 ParOldGen       total 131584K, used 81319K [0x0000000080000000, 0x0000000088080000, 0x00000000d5580000)
  object space 131584K, 61% used [0x0000000080000000,0x0000000084f69e18,0x0000000088080000)
 Metaspace       used 103227K, capacity 107900K, committed 108184K, reserved 1142784K
  class space    used 13390K, capacity 14374K, committed 14488K, reserved 1048576K

