# JRE version: OpenJDK Runtime Environment (8.0_242-b01) (build 1.8.0_242-release-1644-b01)
# Java VM: OpenJDK 64-Bit Server VM (25.242-b01 mixed mode windows-amd64 compressed oops)
Heap:
 PSYoungGen      total 277504K, used 178601K [0x00000000d5580000, 0x00000000e8080000, 0x0000000100000000)
  eden space 248832K, 71% used [0x00000000d5580000,0x00000000e03ea748,0x00000000e4880000)
  from space 28672K, 0% used [0x00000000e4880000,0x00000000e4880000,0x00000000e6480000)
  to   space 26624K, 0% used [0x00000000e6680000,0x00000000e6680000,0x00000000e8080000)
 ParOldGen       total 133120K, used 131826K [0x0000000080000000, 0x0000000088200000, 0x00000000d5580000)
  object space 133120K, 99% used [0x0000000080000000,0x00000000880bc878,0x0000000088200000)
 Metaspace       used 92295K, capacity 96336K, committed 96472K, reserved 1132544K
  class space    used 11961K, capacity 12776K, committed 12800K, reserved 1048576K
GC Heap History (10 events):
Event: 31.239 GC heap before
{Heap before GC invocations=17 (full 3):
 PSYoungGen      total 202240K, used 199625K [0x00000000d5580000, 0x00000000e5700000, 0x0000000100000000)
  eden space 182272K, 100% used [0x00000000d5580000,0x00000000e0780000,0x00000000e0780000)
  from space 19968K, 86% used [0x00000000e0780000,0x00000000e18727c0,0x00000000e1b00000)
  to   space 22016K, 0% used [0x00000000e4180000,0x00000000e4180000,0x00000000e5700000)
 ParOldGen       total 133120K, used 32746K [0x0000000080000000, 0x0000000088200000, 0x00000000d5580000)
  object space 133120K, 24% used [0x0000000080000000,0x0000000081ffaa18,0x0000000088200000)
 Metaspace       used 67505K, capacity 70352K, committed 70616K, reserved 1110016K
  class space    used 8998K, capacity 9606K, committed 9728K, reserved 1048576K
Event: 31.310 GC heap after
Heap after GC invocations=17 (full 3):
 PSYoungGen      total 234496K, used 22006K [0x00000000d5580000, 0x00000000e6500000, 0x0000000100000000)
  eden space 212480K, 0% used [0x00000000d5580000,0x00000000d5580000,0x00000000e2500000)
  from space 22016K, 99% used [0x00000000e4180000,0x00000000e56fda78,0x00000000e5700000)
  to   space 29184K, 0% used [0x00000000e2500000,0x00000000e2500000,0x00000000e4180000)
 ParOldGen       total 133120K, used 42186K [0x0000000080000000, 0x0000000088200000, 0x00000000d5580000)
  object space 133120K, 31% used [0x0000000080000000,0x00000000829328c8,0x0000000088200000)
 Metaspace       used 67505K, capacity 70352K, committed 70616K, reserved 1110016K
  class space    used 8998K, capacity 9606K, committed 9728K, reserved 1048576K
}
Event: 37.462 GC heap before
{Heap before GC invocations=18 (full 3):
 PSYoungGen      total 234496K, used 234486K [0x00000000d5580000, 0x00000000e6500000, 0x0000000100000000)
  eden space 212480K, 100% used [0x00000000d5580000,0x00000000e2500000,0x00000000e2500000)
  from space 22016K, 99% used [0x00000000e4180000,0x00000000e56fda78,0x00000000e5700000)
  to   space 29184K, 0% used [0x00000000e2500000,0x00000000e2500000,0x00000000e4180000)
 ParOldGen       total 133120K, used 42186K [0x0000000080000000, 0x0000000088200000, 0x00000000d5580000)
  object space 133120K, 31% used [0x0000000080000000,0x00000000829328c8,0x0000000088200000)
 Metaspace       used 73943K, capacity 76864K, committed 76888K, reserved 1116160K
  class space    used 9713K, capacity 10348K, committed 10368K, reserved 1048576K
Event: 37.522 GC heap after
Heap after GC invocations=18 (full 3):
 PSYoungGen      total 241664K, used 10122K [0x00000000d5580000, 0x00000000e8180000, 0x0000000100000000)
  eden space 212480K, 0% used [0x00000000d5580000,0x00000000d5580000,0x00000000e2500000)
  from space 29184K, 34% used [0x00000000e2500000,0x00000000e2ee29c8,0x00000000e4180000)
  to   space 27648K, 0% used [0x00000000e6680000,0x00000000e6680000,0x00000000e8180000)
 ParOldGen       total 133120K, used 63760K [0x0000000080000000, 0x0000000088200000, 0x00000000d5580000)
  object space 133120K, 47% used [0x0000000080000000,0x0000000083e44030,0x0000000088200000)
 Metaspace       used 73943K, capacity 76864K, committed 76888K, reserved 1116160K
  class space    used 9713K, capacity 10348K, committed 10368K, reserved 1048576K
}
Event: 44.376 GC heap before
{Heap before GC invocations=19 (full 3):
 PSYoungGen      total 241664K, used 222602K [0x00000000d5580000, 0x00000000e8180000, 0x0000000100000000)
  eden space 212480K, 100% used [0x00000000d5580000,0x00000000e2500000,0x00000000e2500000)
  from space 29184K, 34% used [0x00000000e2500000,0x00000000e2ee29c8,0x00000000e4180000)
  to   space 27648K, 0% used [0x00000000e6680000,0x00000000e6680000,0x00000000e8180000)
 ParOldGen       total 133120K, used 63760K [0x0000000080000000, 0x0000000088200000, 0x00000000d5580000)
  object space 133120K, 47% used [0x0000000080000000,0x0000000083e44030,0x0000000088200000)
 Metaspace       used 82088K, capacity 85368K, committed 85592K, reserved 1124352K
  class space    used 10610K, capacity 11318K, committed 11392K, reserved 1048576K
Event: 44.442 GC heap after
Heap after GC invocations=19 (full 3):
 PSYoungGen      total 275456K, used 19426K [0x00000000d5580000, 0x00000000e8080000, 0x0000000100000000)
  eden space 248832K, 0% used [0x00000000d5580000,0x00000000d5580000,0x00000000e4880000)
  from space 26624K, 72% used [0x00000000e6680000,0x00000000e7978830,0x00000000e8080000)
  to   space 28672K, 0% used [0x00000000e4880000,0x00000000e4880000,0x00000000e6480000)
 ParOldGen       total 133120K, used 63768K [0x0000000080000000, 0x0000000088200000, 0x00000000d5580000)
  object space 133120K, 47% used [0x0000000080000000,0x0000000083e46030,0x0000000088200000)
 Metaspace       used 82088K, capacity 85368K, committed 85592K, reserved 1124352K
  class space    used 10610K, capacity 11318K, committed 11392K, reserved 1048576K
}
Event: 50.363 GC heap before
{Heap before GC invocations=20 (full 3):
 PSYoungGen      total 275456K, used 268258K [0x00000000d5580000, 0x00000000e8080000, 0x0000000100000000)
  eden space 248832K, 100% used [0x00000000d5580000,0x00000000e4880000,0x00000000e4880000)
  from space 26624K, 72% used [0x00000000e6680000,0x00000000e7978830,0x00000000e8080000)
  to   space 28672K, 0% used [0x00000000e4880000,0x00000000e4880000,0x00000000e6480000)
 ParOldGen       total 133120K, used 63768K [0x0000000080000000, 0x0000000088200000, 0x00000000d5580000)
  object space 133120K, 47% used [0x0000000080000000,0x0000000083e46030,0x0000000088200000)
 Metaspace       used 90646K, capacity 94568K, committed 94936K, reserved 1132544K
  class space    used 11852K, capacity 12676K, committed 12800K, reserved 1048576K
Event: 51.229 GC heap after
Heap after GC invocations=20 (full 3):
 PSYoungGen      total 277504K, used 28656K [0x00000000d5580000, 0x00000000e8080000, 0x0000000100000000)
  eden space 248832K, 0% used [0x00000000d5580000,0x00000000d5580000,0x00000000e4880000)
  from space 28672K, 99% used [0x00000000e4880000,0x00000000e647c160,0x00000000e6480000)
  to   space 26624K, 0% used [0x00000000e6680000,0x00000000e6680000,0x00000000e8080000)
 ParOldGen       total 133120K, used 125468K [0x0000000080000000, 0x0000000088200000, 0x00000000d5580000)
  object space 133120K, 94% used [0x0000000080000000,0x0000000087a87280,0x0000000088200000)
 Metaspace       used 90646K, capacity 94568K, committed 94936K, reserved 1132544K
  class space    used 11852K, capacity 12676K, committed 12800K, reserved 1048576K
}
Event: 51.229 GC heap before
{Heap before GC invocations=21 (full 4):
 PSYoungGen      total 277504K, used 28656K [0x00000000d5580000, 0x00000000e8080000, 0x0000000100000000)
  eden space 248832K, 0% used [0x00000000d5580000,0x00000000d5580000,0x00000000e4880000)
  from space 28672K, 99% used [0x00000000e4880000,0x00000000e647c160,0x00000000e6480000)
  to   space 26624K, 0% used [0x00000000e6680000,0x00000000e6680000,0x00000000e8080000)
 ParOldGen       total 133120K, used 125468K [0x0000000080000000, 0x0000000088200000, 0x00000000d5580000)
  object space 133120K, 94% used [0x0000000080000000,0x0000000087a87280,0x0000000088200000)
 Metaspace       used 90646K, capacity 94568K, committed 94936K, reserved 1132544K
  class space    used 11852K, capacity 12676K, committed 12800K, reserved 1048576K
Event: 54.370 GC heap after
Heap after GC invocations=21 (full 4):
 PSYoungGen      total 277504K, used 0K [0x00000000d5580000, 0x00000000e8080000, 0x0000000100000000)
  eden space 248832K, 0% used [0x00000000d5580000,0x00000000d5580000,0x00000000e4880000)
  from space 28672K, 0% used [0x00000000e4880000,0x00000000e4880000,0x00000000e6480000)
  to   space 26624K, 0% used [0x00000000e6680000,0x00000000e6680000,0x00000000e8080000)
 ParOldGen       total 133120K, used 131826K [0x0000000080000000, 0x0000000088200000, 0x00000000d5580000)
  object space 133120K, 99% used [0x0000000080000000,0x00000000880bc878,0x0000000088200000)
 Metaspace       used 90289K, capacity 94000K, committed 94936K, reserved 1132544K
  class space    used 11797K, capacity 12578K, committed 12800K, reserved 1048576K
}

