# JRE version: OpenJDK Runtime Environment (8.0_242-b01) (build 1.8.0_242-release-1644-b01)
# Java VM: OpenJDK 64-Bit Server VM (25.242-b01 mixed mode windows-amd64 compressed oops)
Heap:
 PSYoungGen      total 281600K, used 60234K [0x00000000d5580000, 0x00000000e8700000, 0x0000000100000000)
  eden space 250368K, 11% used [0x00000000d5580000,0x00000000d71d35d0,0x00000000e4a00000)
  from space 31232K, 99% used [0x00000000e4a00000,0x00000000e687f450,0x00000000e6880000)
  to   space 28160K, 0% used [0x00000000e6980000,0x00000000e6980000,0x00000000e8500000)
 ParOldGen       total 130560K, used 96762K [0x0000000080000000, 0x0000000087f80000, 0x00000000d5580000)
  object space 130560K, 74% used [0x0000000080000000,0x0000000085e7e810,0x0000000087f80000)
 Metaspace       used 91022K, capacity 94984K, committed 95124K, reserved 1132544K
  class space    used 11881K, capacity 12708K, committed 12732K, reserved 1048576K
GC Heap History (10 events):
Event: 26.362 GC heap before
{Heap before GC invocations=16 (full 3):
 PSYoungGen      total 207360K, used 187392K [0x00000000d5580000, 0x00000000e4a80000, 0x0000000100000000)
  eden space 187392K, 100% used [0x00000000d5580000,0x00000000e0c80000,0x00000000e0c80000)
  from space 19968K, 0% used [0x00000000e1f80000,0x00000000e1f80000,0x00000000e3300000)
  to   space 19456K, 0% used [0x00000000e0c80000,0x00000000e0c80000,0x00000000e1f80000)
 ParOldGen       total 130560K, used 33918K [0x0000000080000000, 0x0000000087f80000, 0x00000000d5580000)
  object space 130560K, 25% used [0x0000000080000000,0x000000008211fbd0,0x0000000087f80000)
 Metaspace       used 62507K, capacity 65166K, committed 65300K, reserved 1105920K
  class space    used 8598K, capacity 9169K, committed 9276K, reserved 1048576K
Event: 26.409 GC heap after
Heap after GC invocations=16 (full 3):
 PSYoungGen      total 206848K, used 16380K [0x00000000d5580000, 0x00000000e5d00000, 0x0000000100000000)
  eden space 187392K, 0% used [0x00000000d5580000,0x00000000d5580000,0x00000000e0c80000)
  from space 19456K, 84% used [0x00000000e0c80000,0x00000000e1c7f0c0,0x00000000e1f80000)
  to   space 21504K, 0% used [0x00000000e4800000,0x00000000e4800000,0x00000000e5d00000)
 ParOldGen       total 130560K, used 33926K [0x0000000080000000, 0x0000000087f80000, 0x00000000d5580000)
  object space 130560K, 25% used [0x0000000080000000,0x0000000082121bd0,0x0000000087f80000)
 Metaspace       used 62507K, capacity 65166K, committed 65300K, reserved 1105920K
  class space    used 8598K, capacity 9169K, committed 9276K, reserved 1048576K
}
Event: 34.350 GC heap before
{Heap before GC invocations=17 (full 3):
 PSYoungGen      total 206848K, used 203772K [0x00000000d5580000, 0x00000000e5d00000, 0x0000000100000000)
  eden space 187392K, 100% used [0x00000000d5580000,0x00000000e0c80000,0x00000000e0c80000)
  from space 19456K, 84% used [0x00000000e0c80000,0x00000000e1c7f0c0,0x00000000e1f80000)
  to   space 21504K, 0% used [0x00000000e4800000,0x00000000e4800000,0x00000000e5d00000)
 ParOldGen       total 130560K, used 33926K [0x0000000080000000, 0x0000000087f80000, 0x00000000d5580000)
  object space 130560K, 25% used [0x0000000080000000,0x0000000082121bd0,0x0000000087f80000)
 Metaspace       used 67075K, capacity 69922K, committed 70036K, reserved 1110016K
  class space    used 9042K, capacity 9643K, committed 9660K, reserved 1048576K
Event: 34.415 GC heap after
Heap after GC invocations=17 (full 3):
 PSYoungGen      total 240640K, used 21480K [0x00000000d5580000, 0x00000000e6880000, 0x0000000100000000)
  eden space 219136K, 0% used [0x00000000d5580000,0x00000000d5580000,0x00000000e2b80000)
  from space 21504K, 99% used [0x00000000e4800000,0x00000000e5cfa130,0x00000000e5d00000)
  to   space 29184K, 0% used [0x00000000e2b80000,0x00000000e2b80000,0x00000000e4800000)
 ParOldGen       total 130560K, used 46762K [0x0000000080000000, 0x0000000087f80000, 0x00000000d5580000)
  object space 130560K, 35% used [0x0000000080000000,0x0000000082daabc0,0x0000000087f80000)
 Metaspace       used 67075K, capacity 69922K, committed 70036K, reserved 1110016K
  class space    used 9042K, capacity 9643K, committed 9660K, reserved 1048576K
}
Event: 60.588 GC heap before
{Heap before GC invocations=18 (full 3):
 PSYoungGen      total 240640K, used 240616K [0x00000000d5580000, 0x00000000e6880000, 0x0000000100000000)
  eden space 219136K, 100% used [0x00000000d5580000,0x00000000e2b80000,0x00000000e2b80000)
  from space 21504K, 99% used [0x00000000e4800000,0x00000000e5cfa130,0x00000000e5d00000)
  to   space 29184K, 0% used [0x00000000e2b80000,0x00000000e2b80000,0x00000000e4800000)
 ParOldGen       total 130560K, used 46762K [0x0000000080000000, 0x0000000087f80000, 0x00000000d5580000)
  object space 130560K, 35% used [0x0000000080000000,0x0000000082daabc0,0x0000000087f80000)
 Metaspace       used 74987K, capacity 78156K, committed 78356K, reserved 1118208K
  class space    used 9818K, capacity 10506K, committed 10556K, reserved 1048576K
Event: 60.661 GC heap after
Heap after GC invocations=18 (full 3):
 PSYoungGen      total 248320K, used 14062K [0x00000000d5580000, 0x00000000e8500000, 0x0000000100000000)
  eden space 219136K, 0% used [0x00000000d5580000,0x00000000d5580000,0x00000000e2b80000)
  from space 29184K, 48% used [0x00000000e2b80000,0x00000000e393b918,0x00000000e4800000)
  to   space 28160K, 0% used [0x00000000e6980000,0x00000000e6980000,0x00000000e8500000)
 ParOldGen       total 130560K, used 64517K [0x0000000080000000, 0x0000000087f80000, 0x00000000d5580000)
  object space 130560K, 49% used [0x0000000080000000,0x0000000083f01580,0x0000000087f80000)
 Metaspace       used 74987K, capacity 78156K, committed 78356K, reserved 1118208K
  class space    used 9818K, capacity 10506K, committed 10556K, reserved 1048576K
}
Event: 68.836 GC heap before
{Heap before GC invocations=19 (full 3):
 PSYoungGen      total 248320K, used 233198K [0x00000000d5580000, 0x00000000e8500000, 0x0000000100000000)
  eden space 219136K, 100% used [0x00000000d5580000,0x00000000e2b80000,0x00000000e2b80000)
  from space 29184K, 48% used [0x00000000e2b80000,0x00000000e393b918,0x00000000e4800000)
  to   space 28160K, 0% used [0x00000000e6980000,0x00000000e6980000,0x00000000e8500000)
 ParOldGen       total 130560K, used 64517K [0x0000000080000000, 0x0000000087f80000, 0x00000000d5580000)
  object space 130560K, 49% used [0x0000000080000000,0x0000000083f01580,0x0000000087f80000)
 Metaspace       used 81451K, capacity 84818K, committed 85012K, reserved 1122304K
  class space    used 10534K, capacity 11261K, committed 11324K, reserved 1048576K
Event: 68.878 GC heap after
Heap after GC invocations=19 (full 3):
 PSYoungGen      total 278528K, used 24845K [0x00000000d5580000, 0x00000000e8700000, 0x0000000100000000)
  eden space 250368K, 0% used [0x00000000d5580000,0x00000000d5580000,0x00000000e4a00000)
  from space 28160K, 88% used [0x00000000e6980000,0x00000000e81c3530,0x00000000e8500000)
  to   space 31232K, 0% used [0x00000000e4a00000,0x00000000e4a00000,0x00000000e6880000)
 ParOldGen       total 130560K, used 64525K [0x0000000080000000, 0x0000000087f80000, 0x00000000d5580000)
  object space 130560K, 49% used [0x0000000080000000,0x0000000083f03580,0x0000000087f80000)
 Metaspace       used 81451K, capacity 84818K, committed 85012K, reserved 1122304K
  class space    used 10534K, capacity 11261K, committed 11324K, reserved 1048576K
}
Event: 74.844 GC heap before
{Heap before GC invocations=20 (full 3):
 PSYoungGen      total 278528K, used 275213K [0x00000000d5580000, 0x00000000e8700000, 0x0000000100000000)
  eden space 250368K, 100% used [0x00000000d5580000,0x00000000e4a00000,0x00000000e4a00000)
  from space 28160K, 88% used [0x00000000e6980000,0x00000000e81c3530,0x00000000e8500000)
  to   space 31232K, 0% used [0x00000000e4a00000,0x00000000e4a00000,0x00000000e6880000)
 ParOldGen       total 130560K, used 64525K [0x0000000080000000, 0x0000000087f80000, 0x00000000d5580000)
  object space 130560K, 49% used [0x0000000080000000,0x0000000083f03580,0x0000000087f80000)
 Metaspace       used 89370K, capacity 93138K, committed 93332K, reserved 1130496K
  class space    used 11609K, capacity 12429K, committed 12476K, reserved 1048576K
Event: 74.996 GC heap after
Heap after GC invocations=20 (full 3):
 PSYoungGen      total 281600K, used 31229K [0x00000000d5580000, 0x00000000e8700000, 0x0000000100000000)
  eden space 250368K, 0% used [0x00000000d5580000,0x00000000d5580000,0x00000000e4a00000)
  from space 31232K, 99% used [0x00000000e4a00000,0x00000000e687f450,0x00000000e6880000)
  to   space 28160K, 0% used [0x00000000e6980000,0x00000000e6980000,0x00000000e8500000)
 ParOldGen       total 130560K, used 96762K [0x0000000080000000, 0x0000000087f80000, 0x00000000d5580000)
  object space 130560K, 74% used [0x0000000080000000,0x0000000085e7e810,0x0000000087f80000)
 Metaspace       used 89370K, capacity 93138K, committed 93332K, reserved 1130496K
  class space    used 11609K, capacity 12429K, committed 12476K, reserved 1048576K
}

