# JRE version: OpenJDK Runtime Environment (8.0_242-b01) (build 1.8.0_242-release-1644-b01)
# Java VM: OpenJDK 64-Bit Server VM (25.242-b01 mixed mode windows-amd64 compressed oops)
Heap:
 PSYoungGen      total 242688K, used 224793K [0x00000000d5580000, 0x00000000e6680000, 0x0000000100000000)
  eden space 222208K, 91% used [0x00000000d5580000,0x00000000e1d0c200,0x00000000e2e80000)
  from space 20480K, 99% used [0x00000000e4800000,0x00000000e5bfa530,0x00000000e5c00000)
  to   space 26112K, 0% used [0x00000000e2e80000,0x00000000e2e80000,0x00000000e4800000)
 ParOldGen       total 132096K, used 40657K [0x0000000080000000, 0x0000000088100000, 0x00000000d5580000)
  object space 132096K, 30% used [0x0000000080000000,0x00000000827b4680,0x0000000088100000)
 Metaspace       used 78037K, capacity 81742K, committed 81968K, reserved 1120256K
  class space    used 10727K, capacity 11503K, committed 11568K, reserved 1048576K
GC Heap History (10 events):
Event: 18.955 GC heap before
{Heap before GC invocations=13 (full 2):
 PSYoungGen      total 154112K, used 154093K [0x00000000d5580000, 0x00000000e0900000, 0x0000000100000000)
  eden space 142336K, 100% used [0x00000000d5580000,0x00000000de080000,0x00000000de080000)
  from space 11776K, 99% used [0x00000000dfd80000,0x00000000e08fb640,0x00000000e0900000)
  to   space 13312K, 0% used [0x00000000def00000,0x00000000def00000,0x00000000dfc00000)
 ParOldGen       total 84480K, used 15953K [0x0000000080000000, 0x0000000085280000, 0x00000000d5580000)
  object space 84480K, 18% used [0x0000000080000000,0x0000000080f94440,0x0000000085280000)
 Metaspace       used 53925K, capacity 55786K, committed 55984K, reserved 1097728K
  class space    used 7345K, capacity 7814K, committed 7856K, reserved 1048576K
Event: 19.045 GC heap after
Heap after GC invocations=13 (full 2):
 PSYoungGen      total 170496K, used 13281K [0x00000000d5580000, 0x00000000e2f80000, 0x0000000100000000)
  eden space 157184K, 0% used [0x00000000d5580000,0x00000000d5580000,0x00000000def00000)
  from space 13312K, 99% used [0x00000000def00000,0x00000000dfbf85f8,0x00000000dfc00000)
  to   space 18944K, 0% used [0x00000000e1d00000,0x00000000e1d00000,0x00000000e2f80000)
 ParOldGen       total 84480K, used 26553K [0x0000000080000000, 0x0000000085280000, 0x00000000d5580000)
  object space 84480K, 31% used [0x0000000080000000,0x00000000819ee4e8,0x0000000085280000)
 Metaspace       used 53925K, capacity 55786K, committed 55984K, reserved 1097728K
  class space    used 7345K, capacity 7814K, committed 7856K, reserved 1048576K
}
Event: 20.531 GC heap before
{Heap before GC invocations=14 (full 2):
 PSYoungGen      total 170496K, used 68175K [0x00000000d5580000, 0x00000000e2f80000, 0x0000000100000000)
  eden space 157184K, 34% used [0x00000000d5580000,0x00000000d8b1b608,0x00000000def00000)
  from space 13312K, 99% used [0x00000000def00000,0x00000000dfbf85f8,0x00000000dfc00000)
  to   space 18944K, 0% used [0x00000000e1d00000,0x00000000e1d00000,0x00000000e2f80000)
 ParOldGen       total 84480K, used 26553K [0x0000000080000000, 0x0000000085280000, 0x00000000d5580000)
  object space 84480K, 31% used [0x0000000080000000,0x00000000819ee4e8,0x0000000085280000)
 Metaspace       used 57013K, capacity 59058K, committed 59160K, reserved 1099776K
  class space    used 7846K, capacity 8349K, committed 8368K, reserved 1048576K
Event: 20.585 GC heap after
Heap after GC invocations=14 (full 2):
 PSYoungGen      total 204288K, used 4809K [0x00000000d5580000, 0x00000000e4800000, 0x0000000100000000)
  eden space 185344K, 0% used [0x00000000d5580000,0x00000000d5580000,0x00000000e0a80000)
  from space 18944K, 25% used [0x00000000e1d00000,0x00000000e21b26b0,0x00000000e2f80000)
  to   space 18944K, 0% used [0x00000000e0a80000,0x00000000e0a80000,0x00000000e1d00000)
 ParOldGen       total 84480K, used 37748K [0x0000000080000000, 0x0000000085280000, 0x00000000d5580000)
  object space 84480K, 44% used [0x0000000080000000,0x00000000824dd230,0x0000000085280000)
 Metaspace       used 57013K, capacity 59058K, committed 59160K, reserved 1099776K
  class space    used 7846K, capacity 8349K, committed 8368K, reserved 1048576K
}
Event: 20.585 GC heap before
{Heap before GC invocations=15 (full 3):
 PSYoungGen      total 204288K, used 4809K [0x00000000d5580000, 0x00000000e4800000, 0x0000000100000000)
  eden space 185344K, 0% used [0x00000000d5580000,0x00000000d5580000,0x00000000e0a80000)
  from space 18944K, 25% used [0x00000000e1d00000,0x00000000e21b26b0,0x00000000e2f80000)
  to   space 18944K, 0% used [0x00000000e0a80000,0x00000000e0a80000,0x00000000e1d00000)
 ParOldGen       total 84480K, used 37748K [0x0000000080000000, 0x0000000085280000, 0x00000000d5580000)
  object space 84480K, 44% used [0x0000000080000000,0x00000000824dd230,0x0000000085280000)
 Metaspace       used 57013K, capacity 59058K, committed 59160K, reserved 1099776K
  class space    used 7846K, capacity 8349K, committed 8368K, reserved 1048576K
Event: 21.042 GC heap after
Heap after GC invocations=15 (full 3):
 PSYoungGen      total 204288K, used 0K [0x00000000d5580000, 0x00000000e4800000, 0x0000000100000000)
  eden space 185344K, 0% used [0x00000000d5580000,0x00000000d5580000,0x00000000e0a80000)
  from space 18944K, 0% used [0x00000000e1d00000,0x00000000e1d00000,0x00000000e2f80000)
  to   space 18944K, 0% used [0x00000000e0a80000,0x00000000e0a80000,0x00000000e1d00000)
 ParOldGen       total 132096K, used 33851K [0x0000000080000000, 0x0000000088100000, 0x00000000d5580000)
  object space 132096K, 25% used [0x0000000080000000,0x000000008210ecc8,0x0000000088100000)
 Metaspace       used 57013K, capacity 59058K, committed 59160K, reserved 1099776K
  class space    used 7846K, capacity 8349K, committed 8368K, reserved 1048576K
}
Event: 25.663 GC heap before
{Heap before GC invocations=16 (full 3):
 PSYoungGen      total 204288K, used 185344K [0x00000000d5580000, 0x00000000e4800000, 0x0000000100000000)
  eden space 185344K, 100% used [0x00000000d5580000,0x00000000e0a80000,0x00000000e0a80000)
  from space 18944K, 0% used [0x00000000e1d00000,0x00000000e1d00000,0x00000000e2f80000)
  to   space 18944K, 0% used [0x00000000e0a80000,0x00000000e0a80000,0x00000000e1d00000)
 ParOldGen       total 132096K, used 33851K [0x0000000080000000, 0x0000000088100000, 0x00000000d5580000)
  object space 132096K, 25% used [0x0000000080000000,0x000000008210ecc8,0x0000000088100000)
 Metaspace       used 62222K, capacity 64896K, committed 65072K, reserved 1105920K
  class space    used 8574K, capacity 9168K, committed 9264K, reserved 1048576K
Event: 25.694 GC heap after
Heap after GC invocations=16 (full 3):
 PSYoungGen      total 204288K, used 16719K [0x00000000d5580000, 0x00000000e5c00000, 0x0000000100000000)
  eden space 185344K, 0% used [0x00000000d5580000,0x00000000d5580000,0x00000000e0a80000)
  from space 18944K, 88% used [0x00000000e0a80000,0x00000000e1ad3c40,0x00000000e1d00000)
  to   space 20480K, 0% used [0x00000000e4800000,0x00000000e4800000,0x00000000e5c00000)
 ParOldGen       total 132096K, used 33859K [0x0000000080000000, 0x0000000088100000, 0x00000000d5580000)
  object space 132096K, 25% used [0x0000000080000000,0x0000000082110cc8,0x0000000088100000)
 Metaspace       used 62222K, capacity 64896K, committed 65072K, reserved 1105920K
  class space    used 8574K, capacity 9168K, committed 9264K, reserved 1048576K
}
Event: 30.058 GC heap before
{Heap before GC invocations=17 (full 3):
 PSYoungGen      total 204288K, used 202063K [0x00000000d5580000, 0x00000000e5c00000, 0x0000000100000000)
  eden space 185344K, 100% used [0x00000000d5580000,0x00000000e0a80000,0x00000000e0a80000)
  from space 18944K, 88% used [0x00000000e0a80000,0x00000000e1ad3c40,0x00000000e1d00000)
  to   space 20480K, 0% used [0x00000000e4800000,0x00000000e4800000,0x00000000e5c00000)
 ParOldGen       total 132096K, used 33859K [0x0000000080000000, 0x0000000088100000, 0x00000000d5580000)
  object space 132096K, 25% used [0x0000000080000000,0x0000000082110cc8,0x0000000088100000)
 Metaspace       used 69852K, capacity 73024K, committed 73264K, reserved 1112064K
  class space    used 9525K, capacity 10200K, committed 10288K, reserved 1048576K
Event: 30.130 GC heap after
Heap after GC invocations=17 (full 3):
 PSYoungGen      total 242688K, used 20457K [0x00000000d5580000, 0x00000000e6680000, 0x0000000100000000)
  eden space 222208K, 0% used [0x00000000d5580000,0x00000000d5580000,0x00000000e2e80000)
  from space 20480K, 99% used [0x00000000e4800000,0x00000000e5bfa530,0x00000000e5c00000)
  to   space 26112K, 0% used [0x00000000e2e80000,0x00000000e2e80000,0x00000000e4800000)
 ParOldGen       total 132096K, used 40657K [0x0000000080000000, 0x0000000088100000, 0x00000000d5580000)
  object space 132096K, 30% used [0x0000000080000000,0x00000000827b4680,0x0000000088100000)
 Metaspace       used 69852K, capacity 73024K, committed 73264K, reserved 1112064K
  class space    used 9525K, capacity 10200K, committed 10288K, reserved 1048576K
}

