# JRE version: OpenJDK Runtime Environment (8.0_242-b01) (build 1.8.0_242-release-1644-b01)
# Java VM: OpenJDK 64-Bit Server VM (25.242-b01 mixed mode windows-amd64 compressed oops)
Heap:
 PSYoungGen      total 239104K, used 69585K [0x00000000d5580000, 0x00000000e6600000, 0x0000000100000000)
  eden space 217600K, 22% used [0x00000000d5580000,0x00000000d847ad40,0x00000000e2a00000)
  from space 21504K, 99% used [0x00000000e4580000,0x00000000e5a79a68,0x00000000e5a80000)
  to   space 28160K, 0% used [0x00000000e2a00000,0x00000000e2a00000,0x00000000e4580000)
 ParOldGen       total 133632K, used 42795K [0x0000000080000000, 0x0000000088280000, 0x00000000d5580000)
  object space 133632K, 32% used [0x0000000080000000,0x00000000829cafb8,0x0000000088280000)
 Metaspace       used 70598K, capacity 73512K, committed 73688K, reserved 1114112K
  class space    used 9313K, capacity 9974K, committed 9984K, reserved 1048576K
GC Heap History (10 events):
Event: 23.919 GC heap before
{Heap before GC invocations=13 (full 2):
 PSYoungGen      total 153088K, used 153060K [0x00000000d5580000, 0x00000000e0580000, 0x0000000100000000)
  eden space 140800K, 100% used [0x00000000d5580000,0x00000000ddf00000,0x00000000ddf00000)
  from space 12288K, 99% used [0x00000000df980000,0x00000000e05791a0,0x00000000e0580000)
  to   space 13824K, 0% used [0x00000000dea80000,0x00000000dea80000,0x00000000df800000)
 ParOldGen       total 87552K, used 16824K [0x0000000080000000, 0x0000000085580000, 0x00000000d5580000)
  object space 87552K, 19% used [0x0000000080000000,0x000000008106e338,0x0000000085580000)
 Metaspace       used 53733K, capacity 55530K, committed 55640K, reserved 1097728K
  class space    used 7316K, capacity 7762K, committed 7808K, reserved 1048576K
Event: 23.975 GC heap after
Heap after GC invocations=13 (full 2):
 PSYoungGen      total 166400K, used 13805K [0x00000000d5580000, 0x00000000e2d80000, 0x0000000100000000)
  eden space 152576K, 0% used [0x00000000d5580000,0x00000000d5580000,0x00000000dea80000)
  from space 13824K, 99% used [0x00000000dea80000,0x00000000df7fb638,0x00000000df800000)
  to   space 19456K, 0% used [0x00000000e1a80000,0x00000000e1a80000,0x00000000e2d80000)
 ParOldGen       total 87552K, used 26705K [0x0000000080000000, 0x0000000085580000, 0x00000000d5580000)
  object space 87552K, 30% used [0x0000000080000000,0x0000000081a14430,0x0000000085580000)
 Metaspace       used 53733K, capacity 55530K, committed 55640K, reserved 1097728K
  class space    used 7316K, capacity 7762K, committed 7808K, reserved 1048576K
}
Event: 26.224 GC heap before
{Heap before GC invocations=14 (full 2):
 PSYoungGen      total 166400K, used 52655K [0x00000000d5580000, 0x00000000e2d80000, 0x0000000100000000)
  eden space 152576K, 25% used [0x00000000d5580000,0x00000000d7b706d0,0x00000000dea80000)
  from space 13824K, 99% used [0x00000000dea80000,0x00000000df7fb638,0x00000000df800000)
  to   space 19456K, 0% used [0x00000000e1a80000,0x00000000e1a80000,0x00000000e2d80000)
 ParOldGen       total 87552K, used 26705K [0x0000000080000000, 0x0000000085580000, 0x00000000d5580000)
  object space 87552K, 30% used [0x0000000080000000,0x0000000081a14430,0x0000000085580000)
 Metaspace       used 56714K, capacity 58844K, committed 58968K, reserved 1099776K
  class space    used 7703K, capacity 8218K, committed 8320K, reserved 1048576K
Event: 26.311 GC heap after
Heap after GC invocations=14 (full 2):
 PSYoungGen      total 201728K, used 3591K [0x00000000d5580000, 0x00000000e4500000, 0x0000000100000000)
  eden space 182272K, 0% used [0x00000000d5580000,0x00000000d5580000,0x00000000e0780000)
  from space 19456K, 18% used [0x00000000e1a80000,0x00000000e1e01d40,0x00000000e2d80000)
  to   space 19456K, 0% used [0x00000000e0780000,0x00000000e0780000,0x00000000e1a80000)
 ParOldGen       total 87552K, used 37266K [0x0000000080000000, 0x0000000085580000, 0x00000000d5580000)
  object space 87552K, 42% used [0x0000000080000000,0x0000000082464bd0,0x0000000085580000)
 Metaspace       used 56714K, capacity 58844K, committed 58968K, reserved 1099776K
  class space    used 7703K, capacity 8218K, committed 8320K, reserved 1048576K
}
Event: 26.311 GC heap before
{Heap before GC invocations=15 (full 3):
 PSYoungGen      total 201728K, used 3591K [0x00000000d5580000, 0x00000000e4500000, 0x0000000100000000)
  eden space 182272K, 0% used [0x00000000d5580000,0x00000000d5580000,0x00000000e0780000)
  from space 19456K, 18% used [0x00000000e1a80000,0x00000000e1e01d40,0x00000000e2d80000)
  to   space 19456K, 0% used [0x00000000e0780000,0x00000000e0780000,0x00000000e1a80000)
 ParOldGen       total 87552K, used 37266K [0x0000000080000000, 0x0000000085580000, 0x00000000d5580000)
  object space 87552K, 42% used [0x0000000080000000,0x0000000082464bd0,0x0000000085580000)
 Metaspace       used 56714K, capacity 58844K, committed 58968K, reserved 1099776K
  class space    used 7703K, capacity 8218K, committed 8320K, reserved 1048576K
Event: 26.806 GC heap after
Heap after GC invocations=15 (full 3):
 PSYoungGen      total 201728K, used 0K [0x00000000d5580000, 0x00000000e4500000, 0x0000000100000000)
  eden space 182272K, 0% used [0x00000000d5580000,0x00000000d5580000,0x00000000e0780000)
  from space 19456K, 0% used [0x00000000e1a80000,0x00000000e1a80000,0x00000000e2d80000)
  to   space 19456K, 0% used [0x00000000e0780000,0x00000000e0780000,0x00000000e1a80000)
 ParOldGen       total 133632K, used 32893K [0x0000000080000000, 0x0000000088280000, 0x00000000d5580000)
  object space 133632K, 24% used [0x0000000080000000,0x000000008201f790,0x0000000088280000)
 Metaspace       used 56702K, capacity 58802K, committed 58968K, reserved 1099776K
  class space    used 7699K, capacity 8211K, committed 8320K, reserved 1048576K
}
Event: 41.374 GC heap before
{Heap before GC invocations=16 (full 3):
 PSYoungGen      total 201728K, used 182272K [0x00000000d5580000, 0x00000000e4500000, 0x0000000100000000)
  eden space 182272K, 100% used [0x00000000d5580000,0x00000000e0780000,0x00000000e0780000)
  from space 19456K, 0% used [0x00000000e1a80000,0x00000000e1a80000,0x00000000e2d80000)
  to   space 19456K, 0% used [0x00000000e0780000,0x00000000e0780000,0x00000000e1a80000)
 ParOldGen       total 133632K, used 32893K [0x0000000080000000, 0x0000000088280000, 0x00000000d5580000)
  object space 133632K, 24% used [0x0000000080000000,0x000000008201f790,0x0000000088280000)
 Metaspace       used 65289K, capacity 67942K, committed 68056K, reserved 1107968K
  class space    used 8774K, capacity 9371K, committed 9472K, reserved 1048576K
Event: 41.408 GC heap after
Heap after GC invocations=16 (full 3):
 PSYoungGen      total 201728K, used 17206K [0x00000000d5580000, 0x00000000e5a80000, 0x0000000100000000)
  eden space 182272K, 0% used [0x00000000d5580000,0x00000000d5580000,0x00000000e0780000)
  from space 19456K, 88% used [0x00000000e0780000,0x00000000e184d8d8,0x00000000e1a80000)
  to   space 21504K, 0% used [0x00000000e4580000,0x00000000e4580000,0x00000000e5a80000)
 ParOldGen       total 133632K, used 32901K [0x0000000080000000, 0x0000000088280000, 0x00000000d5580000)
  object space 133632K, 24% used [0x0000000080000000,0x0000000082021790,0x0000000088280000)
 Metaspace       used 65289K, capacity 67942K, committed 68056K, reserved 1107968K
  class space    used 8774K, capacity 9371K, committed 9472K, reserved 1048576K
}
Event: 46.621 GC heap before
{Heap before GC invocations=17 (full 3):
 PSYoungGen      total 201728K, used 199478K [0x00000000d5580000, 0x00000000e5a80000, 0x0000000100000000)
  eden space 182272K, 100% used [0x00000000d5580000,0x00000000e0780000,0x00000000e0780000)
  from space 19456K, 88% used [0x00000000e0780000,0x00000000e184d8d8,0x00000000e1a80000)
  to   space 21504K, 0% used [0x00000000e4580000,0x00000000e4580000,0x00000000e5a80000)
 ParOldGen       total 133632K, used 32901K [0x0000000080000000, 0x0000000088280000, 0x00000000d5580000)
  object space 133632K, 24% used [0x0000000080000000,0x0000000082021790,0x0000000088280000)
 Metaspace       used 67623K, capacity 70426K, committed 70616K, reserved 1110016K
  class space    used 9016K, capacity 9645K, committed 9728K, reserved 1048576K
Event: 46.681 GC heap after
Heap after GC invocations=17 (full 3):
 PSYoungGen      total 239104K, used 21478K [0x00000000d5580000, 0x00000000e6600000, 0x0000000100000000)
  eden space 217600K, 0% used [0x00000000d5580000,0x00000000d5580000,0x00000000e2a00000)
  from space 21504K, 99% used [0x00000000e4580000,0x00000000e5a79a68,0x00000000e5a80000)
  to   space 28160K, 0% used [0x00000000e2a00000,0x00000000e2a00000,0x00000000e4580000)
 ParOldGen       total 133632K, used 42795K [0x0000000080000000, 0x0000000088280000, 0x00000000d5580000)
  object space 133632K, 32% used [0x0000000080000000,0x00000000829cafb8,0x0000000088280000)
 Metaspace       used 67623K, capacity 70426K, committed 70616K, reserved 1110016K
  class space    used 9016K, capacity 9645K, committed 9728K, reserved 1048576K
}

